<?xml version="1.0" encoding="UTF-8"?>
<!-- Generated by org.testng.reporters.JUnitReportReporter -->
<testsuite hostname="LAPTOP-SC8NCGPF" failures="0" tests="4" name="TestNG.ValuesfromExcel" time="21.812" errors="0" timestamp="2021-08-20T10:43:02 IST" skipped="0">
  <testcase classname="TestNG.ValuesfromExcel" name="username" time="5.880"/>
  <system-out/>
  <testcase classname="TestNG.ValuesfromExcel" name="username" time="4.864"/>
  <system-out/>
  <testcase classname="TestNG.ValuesfromExcel" name="username" time="5.384"/>
  <system-out/>
  <testcase classname="TestNG.ValuesfromExcel" name="username" time="5.684"/>
  <system-out/>
</testsuite> <!-- TestNG.ValuesfromExcel -->
