<?xml version="1.0" encoding="UTF-8"?>
<!-- Generated by org.testng.reporters.JUnitReportReporter -->
<testsuite hostname="LAPTOP-SC8NCGPF" failures="0" tests="1" name="TestNG.FirstProgram" time="0.004" errors="0" timestamp="2021-08-11T10:30:21 IST" skipped="0">
  <testcase classname="TestNG.FirstProgram" name="hello2" time="0.004"/>
  <system-out/>
</testsuite> <!-- TestNG.FirstProgram -->
