<?xml version="1.0" encoding="UTF-8"?>
<!-- Generated by org.testng.reporters.JUnitReportReporter -->
<testsuite hostname="LAPTOP-SC8NCGPF" failures="0" tests="4" name="TestNG.DifferentUrl" time="46.185" errors="0" timestamp="2021-08-16T12:29:48 IST" skipped="0">
  <testcase classname="TestNG.DifferentUrl" name="GotoYahoo" time="23.804"/>
  <system-out/>
  <testcase classname="TestNG.DifferentUrl" name="GotoBing" time="0.550"/>
  <system-out/>
  <testcase classname="TestNG.DifferentUrl" name="GotoGoogle" time="0.894"/>
  <system-out/>
  <testcase classname="TestNG.DifferentUrl" name="GotoYoutube" time="20.937"/>
  <system-out/>
</testsuite> <!-- TestNG.DifferentUrl -->
