<?xml version="1.0" encoding="UTF-8"?>
<!-- Generated by org.testng.reporters.JUnitReportReporter -->
<testsuite hostname="LAPTOP-SC8NCGPF" failures="0" tests="8" name="TestNG.GroupingExample" time="0.015" errors="0" timestamp="2021-08-16T11:59:06 IST" skipped="0">
  <testcase classname="TestNG.GroupingExample" name="Samsung1" time="0.001"/>
  <system-out/>
  <testcase classname="TestNG.GroupingExample" name="Moto" time="0.008"/>
  <system-out/>
  <testcase classname="TestNG.GroupingExample" name="Samsung" time="0.001"/>
  <system-out/>
  <testcase classname="TestNG.GroupingExample" name="Moto1" time="0.002"/>
  <system-out/>
  <testcase classname="TestNG.GroupingExample" name="Vivo1" time="0.002"/>
  <system-out/>
  <testcase classname="TestNG.GroupingExample" name="OnePlus" time="0.000"/>
  <system-out/>
  <testcase classname="TestNG.GroupingExample" name="Vivo" time="0.001"/>
  <system-out/>
  <testcase classname="TestNG.GroupingExample" name="OnePlus1" time="0.000"/>
  <system-out/>
</testsuite> <!-- TestNG.GroupingExample -->
