<?xml version="1.0" encoding="UTF-8"?>
<!-- Generated by org.testng.reporters.JUnitReportReporter -->
<testsuite hostname="LAPTOP-SC8NCGPF" failures="0" tests="1" name="TestNG.Annotations" time="0.006" errors="0" timestamp="2021-09-01T11:09:15 IST" skipped="0">
  <testcase classname="TestNG.Annotations" name="test" time="0.006"/>
  <system-out/>
</testsuite> <!-- TestNG.Annotations -->
