<?xml version="1.0" encoding="UTF-8"?>
<!-- Generated by org.testng.reporters.JUnitReportReporter -->
<testsuite hostname="LAPTOP-SC8NCGPF" failures="0" tests="7" name="TestNG.DrivingCar" time="0.008" errors="0" timestamp="2021-08-12T12:07:08 IST" skipped="1">
  <testcase classname="TestNG.DrivingCar" name="StarttheCar" time="0.001"/>
  <system-out/>
  <testcase classname="TestNG.DrivingCar" name="Firstgear" time="0.002"/>
  <system-out/>
  <testcase classname="TestNG.DrivingCar" name="Secondgear" time="0.002"/>
  <system-out/>
  <testcase classname="TestNG.DrivingCar" name="Thirdgear" time="0.001"/>
  <system-out/>
  <testcase classname="TestNG.DrivingCar" name="Fourthgear" time="0.001"/>
  <system-out/>
  <testcase classname="TestNG.DrivingCar" name="Reversegear" time="0.001"/>
  <system-out/>
  <testcase classname="TestNG.DrivingCar" name="TurnonMusic">
    <skipped/>
  </testcase> <!-- TurnonMusic -->
  <system-out/>
</testsuite> <!-- TestNG.DrivingCar -->
