<?xml version="1.0" encoding="UTF-8"?>
<!-- Generated by org.testng.reporters.JUnitReportReporter -->
<testsuite hostname="LAPTOP-SC8NCGPF" failures="0" tests="4" name="TestNG.DataproviderExample" time="26.136" errors="0" timestamp="2021-08-18T11:17:44 IST" skipped="0">
  <testcase classname="TestNG.DataproviderExample" name="username" time="5.842"/>
  <system-out/>
  <testcase classname="TestNG.DataproviderExample" name="username" time="5.491"/>
  <system-out/>
  <testcase classname="TestNG.DataproviderExample" name="username" time="9.510"/>
  <system-out/>
  <testcase classname="TestNG.DataproviderExample" name="username" time="5.293"/>
  <system-out/>
</testsuite> <!-- TestNG.DataproviderExample -->
