<?xml version="1.0" encoding="UTF-8"?>
<!-- Generated by org.testng.reporters.JUnitReportReporter -->
<testsuite hostname="LAPTOP-SC8NCGPF" failures="0" tests="1" name="TestNG.AssertionExample" time="0.008" errors="0" timestamp="2021-08-16T10:05:27 IST" skipped="0">
  <testcase classname="TestNG.AssertionExample" name="Sample" time="0.008"/>
  <system-out/>
</testsuite> <!-- TestNG.AssertionExample -->
