<?xml version="1.0" encoding="UTF-8"?>
<!-- Generated by org.testng.reporters.JUnitReportReporter -->
<testsuite hostname="LAPTOP-SC8NCGPF" failures="0" tests="2" name="TestNG.ParameterExample" time="0.009" errors="0" timestamp="2021-08-16T10:24:02 IST" skipped="0">
  <testcase classname="TestNG.ParameterExample" name="parameter" time="0.008"/>
  <system-out/>
  <testcase classname="TestNG.ParameterExample" name="parameter" time="0.001"/>
  <system-out/>
</testsuite> <!-- TestNG.ParameterExample -->
